<?xml version="1.0" encoding="UTF-8"?>
<testng-results skipped="0" failed="0" ignored="0" total="1" passed="1">
  <reporter-output>
  </reporter-output>
  <suite name="Default suite" duration-ms="5928" started-at="2020-10-02T02:31:13 IST" finished-at="2020-10-02T02:31:18 IST">
    <groups>
    </groups>
    <test name="Default test" duration-ms="5928" started-at="2020-10-02T02:31:13 IST" finished-at="2020-10-02T02:31:18 IST">
      <class name="TestCases.FyndTc">
        <test-method status="PASS" signature="postrequest()[pri:2, instance:TestCases.FyndTc@51cdd8a]" name="postrequest" duration-ms="5857" started-at="2020-10-02T02:31:13 IST" finished-at="2020-10-02T02:31:18 IST">
          <reporter-output>
          </reporter-output>
        </test-method> <!-- postrequest -->
      </class> <!-- TestCases.FyndTc -->
    </test> <!-- Default test -->
  </suite> <!-- Default suite -->
</testng-results>
